<?xml version="1.0" encoding="UTF-8"?>
<!-- Generated by org.testng.reporters.JUnitReportReporter -->
<testsuite hostname="LAPTOP-UD4LBO6R" failures="0" tests="19" name="testPackages.Day5" time="0.055" errors="0" timestamp="2020-04-06T02:02:18 PDT" skipped="1">
  <testcase classname="testPackages.Day5" name="webloginCreditCardLoan17" time="0.002"/>
  <system-out/>
  <testcase classname="testPackages.Day5" name="webloginCreditCardLoan16" time="0.002"/>
  <system-out/>
  <testcase classname="testPackages.Day5" name="webloginCreditCardLoan3" time="0.002"/>
  <system-out/>
  <testcase classname="testPackages.Day5" name="mobileloginLoan" time="0.013"/>
  <system-out/>
  <testcase classname="testPackages.Day5" name="webloginCreditCardLoan2" time="0.002"/>
  <system-out/>
  <testcase classname="testPackages.Day5" name="webloginCreditCardLoan10" time="0.003"/>
  <system-out/>
  <testcase classname="testPackages.Day5" name="webloginCreditCardLoan7" time="0.002"/>
  <system-out/>
  <testcase classname="testPackages.Day5" name="webloginCreditCardLoan12" time="0.002"/>
  <system-out/>
  <testcase classname="testPackages.Day5" name="webloginCreditCardLoan14" time="0.005"/>
  <system-out/>
  <testcase classname="testPackages.Day5" name="webloginCreditCardLoan15" time="0.001"/>
  <system-out/>
  <testcase classname="testPackages.Day5" name="webloginCreditCardLoan13" time="0.004"/>
  <system-out/>
  <testcase classname="testPackages.Day5" name="webloginCreditCardLoan8" time="0.002"/>
  <system-out/>
  <testcase classname="testPackages.Day5" name="webloginCreditCardLoan4" time="0.003"/>
  <system-out/>
  <testcase classname="testPackages.Day5" name="webloginCreditCard1" time="0.003"/>
  <system-out/>
  <testcase classname="testPackages.Day5" name="webloginCreditCardLoan9" time="0.001"/>
  <system-out/>
  <testcase classname="testPackages.Day5" name="webloginCreditCardLoan11" time="0.002"/>
  <system-out/>
  <testcase classname="testPackages.Day5" name="webloginCreditCardLoan6" time="0.002"/>
  <system-out/>
  <testcase classname="testPackages.Day5" name="webloginCreditCardLoan5" time="0.004"/>
  <system-out/>
  <testcase classname="testPackages.Day5" name="loginAPILoan">
    <skipped/>
  </testcase> <!-- loginAPILoan -->
  <system-out/>
</testsuite> <!-- testPackages.Day5 -->
