<?xml version="1.0" encoding="UTF-8"?>
<!-- Generated by org.testng.reporters.JUnitReportReporter -->
<testsuite hostname="LAPTOP-UD4LBO6R" failures="0" tests="5" name="testPackages.Day6" time="0.028" errors="0" timestamp="2020-04-06T02:14:21 PDT" skipped="0">
  <testcase classname="testPackages.Day6" name="webloginCreditCardLoan5" time="0.002"/>
  <system-out/>
  <testcase classname="testPackages.Day6" name="webloginCreditCardLoan4" time="0.001"/>
  <system-out/>
  <testcase classname="testPackages.Day6" name="webloginCreditCard1" time="0.015"/>
  <system-out/>
  <testcase classname="testPackages.Day6" name="webloginCreditCardLoan2" time="0.002"/>
  <system-out/>
  <testcase classname="testPackages.Day6" name="webloginCreditCardLoan3" time="0.008"/>
  <system-out/>
</testsuite> <!-- testPackages.Day6 -->
