<?xml version="1.0" encoding="UTF-8"?>
<!-- Generated by org.testng.reporters.JUnitReportReporter -->
<testsuite hostname="LAPTOP-UD4LBO6R" failures="0" tests="3" name="testPackages.Day3" time="0.021" errors="0" timestamp="2020-04-06T01:50:04 PDT" skipped="0">
  <testcase classname="testPackages.Day3" name="loginAPICarLoan" time="0.017"/>
  <system-out/>
  <testcase classname="testPackages.Day3" name="mobileloginCarLoan" time="0.002"/>
  <system-out/>
  <testcase classname="testPackages.Day3" name="webloginCarLoan" time="0.002"/>
  <system-out/>
</testsuite> <!-- testPackages.Day3 -->
