<?xml version="1.0" encoding="UTF-8"?>
<!-- Generated by org.testng.reporters.JUnitReportReporter -->
<testsuite hostname="LAPTOP-UD4LBO6R" failures="0" tests="3" name="testPackages.Day7" time="0.011" errors="0" timestamp="2020-04-06T02:32:32 PDT" skipped="0">
  <testcase classname="testPackages.Day7" name="webloginCarLoan" time="0.001"/>
  <system-out/>
  <testcase classname="testPackages.Day7" name="loginAPICarLoan" time="0.008"/>
  <system-out/>
  <testcase classname="testPackages.Day7" name="mobileloginCarLoan" time="0.002"/>
  <system-out/>
</testsuite> <!-- testPackages.Day7 -->
