<?xml version="1.0" encoding="UTF-8"?>
<!-- Generated by org.testng.reporters.JUnitReportReporter -->
<testsuite hostname="LAPTOP-UD4LBO6R" failures="0" tests="1" name="testPackages.Day2" time="0.002" errors="0" timestamp="2020-04-05T23:21:57 PDT" skipped="0">
  <testcase classname="testPackages.Day2" name="secondclassmethod" time="0.002"/>
  <system-out/>
</testsuite> <!-- testPackages.Day2 -->
