<?xml version="1.0" encoding="UTF-8"?>
<!-- Generated by org.testng.reporters.JUnitReportReporter -->
<testsuite hostname="LAPTOP-UD4LBO6R" failures="0" tests="2" name="testPackages.Day4" time="0.004" errors="0" timestamp="2020-04-06T01:37:15 PDT" skipped="0">
  <testcase classname="testPackages.Day4" name="webloginHomeLoan" time="0.001"/>
  <system-out/>
  <testcase classname="testPackages.Day4" name="mobileloginHomeLoan" time="0.003"/>
  <system-out/>
</testsuite> <!-- testPackages.Day4 -->
