<?xml version="1.0" encoding="UTF-8"?>
<!-- Generated by org.testng.reporters.JUnitReportReporter -->
<testsuite hostname="LAPTOP-UD4LBO6R" failures="0" tests="1" name="testPackages.Day1" time="0.008" errors="0" timestamp="2020-04-06T01:37:15 PDT" skipped="0">
  <testcase classname="testPackages.Day1" name="Demo" time="0.008"/>
  <system-out/>
</testsuite> <!-- testPackages.Day1 -->
